Arguments: 
  /Users/retr0/.nvm/versions/node/v16.1.0/bin/node /usr/local/bin/y add @type/node -D

PATH: 
  /Users/retr0/Library/pnpm:/Users/retr0/.yarn/bin:/Users/retr0/.config/yarn/global/node_modules/.bin:/Users/retr0/.sdkman/candidates/java/current/bin:/Users/retr0/.nvm/versions/node/v16.1.0/bin:/Users/retr0/Users/retr0/Documents/development/flutter/bin:/usr/local/bin:/usr/local/sbin:/usr/local/bin:/System/Cryptexes/App/usr/bin:/usr/bin:/bin:/usr/sbin:/sbin:/Library/Apple/usr/bin:/Applications/Wireshark.app/Contents/MacOS:/Users/retr0/.cargo/bin:/usr/local/mysql/bin:/usr/local/mysql/support-files:/Applications/Visual Studio Code.app/Contents/Resources/app/bin:/Applications/Visual Studio Code.app/Contents/Resources/app/bin

Yarn version: 
  1.22.10

Node version: 
  16.1.0

Platform: 
  darwin x64

Trace: 
  Error: https://registry.npmmirror.com/@type%2fnode: Not found
      at Request.params.callback [as _callback] (/Users/retr0/.nvm/versions/node/v12.19.0/lib/node_modules/yarn/lib/cli.js:66988:18)
      at Request.self.callback (/Users/retr0/.nvm/versions/node/v12.19.0/lib/node_modules/yarn/lib/cli.js:140662:22)
      at Request.emit (node:events:365:28)
      at Request.<anonymous> (/Users/retr0/.nvm/versions/node/v12.19.0/lib/node_modules/yarn/lib/cli.js:141634:10)
      at Request.emit (node:events:365:28)
      at IncomingMessage.<anonymous> (/Users/retr0/.nvm/versions/node/v12.19.0/lib/node_modules/yarn/lib/cli.js:141556:12)
      at Object.onceWrapper (node:events:471:28)
      at IncomingMessage.emit (node:events:377:35)
      at endReadableNT (node:internal/streams/readable:1312:12)
      at processTicksAndRejections (node:internal/process/task_queues:83:21)

npm manifest: 
  {
    "name": "learnmoreabouttypescript",
    "version": "1.0.0",
    "description": "",
    "main": "index.js",
    "scripts": {
      "test": "echo \"Error: no test specified\" && exit 1"
    },
    "author": "",
    "license": "ISC",
    "devDependencies": {
      "typescript": "^5.1.3"
    }
  }

yarn manifest: 
  No manifest

Lockfile: 
  # THIS IS AN AUTOGENERATED FILE. DO NOT EDIT THIS FILE DIRECTLY.
  # yarn lockfile v1
  
  
  typescript@^5.1.3:
    version "5.1.3"
    resolved "https://registry.npmmirror.com/typescript/-/typescript-5.1.3.tgz#8d84219244a6b40b6fb2b33cc1c062f715b9e826"
    integrity sha512-XH627E9vkeqhlZFQuL+UsyAXEnibT0kWR2FWONlr4sTjvxyJYnyefgrkyECLzM5NenmKzRAy2rR/OlYLA1HkZw==
